<?xml version="1.0" encoding="UTF-8"?>
<!-- Generated by org.testng.reporters.JUnitReportReporter -->
<testsuite skipped="0" hostname="YEAR2020" name="com.konga.testcase.LoginTest" tests="1" failures="0" timestamp="2020-05-08T14:04:01 WAT" time="5.722" errors="0">
  <testcase name="validLogin" time="5.722" classname="com.konga.testcase.LoginTest"/>
</testsuite> <!-- com.konga.testcase.LoginTest -->
