<?xml version="1.0" encoding="UTF-8"?>
<!-- Generated by org.testng.reporters.JUnitReportReporter -->
<testsuite skipped="0" hostname="YEAR2020" name="com.konga.testcase.SuscribeLinkTest" tests="1" failures="0" timestamp="2020-05-08T14:04:01 WAT" time="8.640" errors="0">
  <testcase name="Suscribelink" time="8.640" classname="com.konga.testcase.SuscribeLinkTest"/>
</testsuite> <!-- com.konga.testcase.SuscribeLinkTest -->
