<?xml version="1.0" encoding="UTF-8"?>
<!-- Generated by org.testng.reporters.JUnitReportReporter -->
<testsuite skipped="0" hostname="YEAR2020" name="com.PSSAP.testcase.Tint_Permit" tests="1" failures="0" timestamp="2020-08-27T09:56:00 WAT" time="38.137" errors="0">
  <testcase name="Tint_PermitTest" time="38.137" classname="com.PSSAP.testcase.Tint_Permit"/>
</testsuite> <!-- com.PSSAP.testcase.Tint_Permit -->
