<?xml version="1.0" encoding="UTF-8"?>
<!-- Generated by org.testng.reporters.JUnitReportReporter -->
<testsuite skipped="0" hostname="YEAR2020" name="com.konga.testcase.Logout" tests="1" failures="0" timestamp="2020-05-08T15:03:17 WAT" time="13.249" errors="0">
  <testcase name="LogoutTest" time="13.249" classname="com.konga.testcase.Logout"/>
</testsuite> <!-- com.konga.testcase.Logout -->
