<?xml version="1.0" encoding="UTF-8"?>
<!-- Generated by org.testng.reporters.JUnitReportReporter -->
<testsuite skipped="0" hostname="YEAR2020" name="com.konga.testcase.SearchTest" tests="1" failures="0" timestamp="2020-05-08T14:55:59 WAT" time="19.258" errors="0">
  <testcase name="searchproduct" time="19.258" classname="com.konga.testcase.SearchTest"/>
</testsuite> <!-- com.konga.testcase.SearchTest -->
