<?xml version="1.0" encoding="UTF-8"?>
<!-- Generated by org.testng.reporters.JUnitReportReporter -->
<testsuite skipped="0" hostname="DESKTOP-HKCMOO2" name="com.w2a.testcase.LoginTest" tests="1" failures="0" timestamp="19 Jun 2019 11:02:36 GMT" time="5.653" errors="0">
  <testcase name="invalidLogin" time="5.653" classname="com.w2a.testcase.LoginTest"/>
</testsuite> <!-- com.w2a.testcase.LoginTest -->
