<?xml version="1.0" encoding="UTF-8"?>
<!-- Generated by org.testng.reporters.JUnitReportReporter -->
<testsuite skipped="0" hostname="YEAR2020" name="com.PSSAP.testcase.Logout" tests="1" failures="0" timestamp="2020-08-27T09:36:15 WAT" time="12.205" errors="0">
  <testcase name="validLogin" time="12.205" classname="com.PSSAP.testcase.Logout"/>
</testsuite> <!-- com.PSSAP.testcase.Logout -->
