<?xml version="1.0" encoding="UTF-8"?>
<!-- Generated by org.testng.reporters.JUnitReportReporter -->
<testsuite skipped="0" hostname="YEAR2020" name="com.PSSAP.testcase.Police_extract" tests="1" failures="0" timestamp="2020-08-27T02:32:11 WAT" time="56.894" errors="0">
  <testcase name="PoliceextractTest" time="56.894" classname="com.PSSAP.testcase.Police_extract"/>
</testsuite> <!-- com.PSSAP.testcase.Police_extract -->
