<?xml version="1.0" encoding="UTF-8"?>
<!-- Generated by org.testng.reporters.JUnitReportReporter -->
<testsuite skipped="0" hostname="YEAR2020" name="com.PSSAP.testcase.Police_Escort" tests="1" failures="0" timestamp="2020-08-27T10:40:29 WAT" time="71.836" errors="0">
  <testcase name="Police_EscortTest" time="71.836" classname="com.PSSAP.testcase.Police_Escort"/>
</testsuite> <!-- com.PSSAP.testcase.Police_Escort -->
