<?xml version="1.0" encoding="UTF-8"?>
<!-- Generated by org.testng.reporters.JUnitReportReporter -->
<testsuite skipped="0" hostname="YEAR2020" name="com.PSSAP.testcase.Login" tests="1" failures="0" timestamp="2020-09-11T02:08:18 WAT" time="14.234" errors="0">
  <testcase name="validLogin" time="14.234" classname="com.PSSAP.testcase.Login"/>
</testsuite> <!-- com.PSSAP.testcase.Login -->
