<?xml version="1.0" encoding="UTF-8"?>
<!-- Generated by org.testng.reporters.JUnitReportReporter -->
<testsuite skipped="0" hostname="YEAR2020" name="com.PSSAP.testcase.Cid_Clearance" tests="1" failures="0" timestamp="2020-08-27T10:08:22 WAT" time="37.719" errors="0">
  <testcase name="Cid_ClearanceTest" time="37.719" classname="com.PSSAP.testcase.Cid_Clearance"/>
</testsuite> <!-- com.PSSAP.testcase.Cid_Clearance -->
